<?xml version="1.0" encoding="UTF-8"?>
<robot generator="Robot 3.0.2 (Python 3.6.1 on darwin)" generated="20170928 22:40:26.024">
<suite id="s1" name="Facebook" source="/Users/jerryzhao/msd/facebook.robot">
<kw name="Open Browser" library="Selenium2Library" type="setup">
<doc>Opens a new browser instance to given URL.</doc>
<arguments>
<arg>${HOMEPAGE}</arg>
<arg>${BROWSER}</arg>
</arguments>
<msg timestamp="20170928 22:40:26.642" level="INFO">Opening browser 'chrome' to base url 'http://www.facebook.com'</msg>
<status status="PASS" starttime="20170928 22:40:26.641" endtime="20170928 22:40:31.028"></status>
</kw>
<test id="s1-t1" name="Register gmail">
<kw name="Set Browser Implicit Wait" library="Selenium2Library">
<doc>Sets current browser's implicit wait in seconds.</doc>
<arguments>
<arg>10s</arg>
</arguments>
<status status="PASS" starttime="20170928 22:40:31.032" endtime="20170928 22:40:31.037"></status>
</kw>
<kw name="Maximize Browser Window" library="Selenium2Library">
<doc>Maximizes current browser window.</doc>
<status status="PASS" starttime="20170928 22:40:31.039" endtime="20170928 22:40:31.251"></status>
</kw>
<kw name="Page Should Contain" library="Selenium2Library">
<doc>Verifies that current page contains `text`.</doc>
<arguments>
<arg>Facebook</arg>
</arguments>
<msg timestamp="20170928 22:40:31.287" level="INFO">Current page contains text 'Facebook'.</msg>
<status status="PASS" starttime="20170928 22:40:31.252" endtime="20170928 22:40:31.288"></status>
</kw>
<kw name="Input Text" library="Selenium2Library">
<doc>Types the given `text` into text field identified by `locator`.</doc>
<arguments>
<arg>${firstname}</arg>
<arg>Spencer</arg>
</arguments>
<msg timestamp="20170928 22:40:31.288" level="INFO">Typing text 'Spencer' into text field 'name=firstname'</msg>
<status status="PASS" starttime="20170928 22:40:31.288" endtime="20170928 22:40:31.666"></status>
</kw>
<kw name="Input Text" library="Selenium2Library">
<doc>Types the given `text` into text field identified by `locator`.</doc>
<arguments>
<arg>${surname}</arg>
<arg>zhao</arg>
</arguments>
<msg timestamp="20170928 22:40:31.668" level="INFO">Typing text 'zhao' into text field 'name=lastname'</msg>
<status status="PASS" starttime="20170928 22:40:31.667" endtime="20170928 22:40:31.863"></status>
</kw>
<kw name="Input Text" library="Selenium2Library">
<doc>Types the given `text` into text field identified by `locator`.</doc>
<arguments>
<arg>${regEmail}</arg>
<arg>${emailUsername}</arg>
</arguments>
<msg timestamp="20170928 22:40:31.864" level="INFO">Typing text 'msdtest003@gmail.com' into text field 'name=reg_email__'</msg>
<status status="PASS" starttime="20170928 22:40:31.863" endtime="20170928 22:40:32.521"></status>
</kw>
<kw name="Input Text" library="Selenium2Library">
<doc>Types the given `text` into text field identified by `locator`.</doc>
<arguments>
<arg>${regEmailConfirm}</arg>
<arg>${emailUsername}</arg>
</arguments>
<msg timestamp="20170928 22:40:32.522" level="INFO">Typing text 'msdtest003@gmail.com' into text field 'name=reg_email_confirmation__'</msg>
<status status="PASS" starttime="20170928 22:40:32.522" endtime="20170928 22:40:32.898"></status>
</kw>
<kw name="Input Text" library="Selenium2Library">
<doc>Types the given `text` into text field identified by `locator`.</doc>
<arguments>
<arg>${regPassword}</arg>
<arg>${emailPassword}</arg>
</arguments>
<msg timestamp="20170928 22:40:32.899" level="INFO">Typing text 'user1234' into text field 'name=reg_passwd__'</msg>
<status status="PASS" starttime="20170928 22:40:32.898" endtime="20170928 22:40:33.086"></status>
</kw>
<kw name="Select From List" library="Selenium2Library">
<doc>Selects `*items` from list identified by `locator`</doc>
<arguments>
<arg>${year}</arg>
<arg>1985</arg>
</arguments>
<msg timestamp="20170928 22:40:33.087" level="INFO">Selecting option(s) '1985' from list 'id=year'.</msg>
<status status="PASS" starttime="20170928 22:40:33.086" endtime="20170928 22:40:33.245"></status>
</kw>
<kw name="Select Radio Button" library="Selenium2Library">
<doc>Sets selection of radio button group identified by `group_name` to `value`.</doc>
<arguments>
<arg>${sex}</arg>
<arg>${male}</arg>
</arguments>
<msg timestamp="20170928 22:40:33.246" level="INFO">Selecting '2' from radio button 'sex'.</msg>
<status status="PASS" starttime="20170928 22:40:33.245" endtime="20170928 22:40:33.373"></status>
</kw>
<status status="PASS" starttime="20170928 22:40:31.029" endtime="20170928 22:40:33.373" critical="yes"></status>
</test>
<test id="s1-t2" name="Get Verify Code From Gmail">
<kw name="Login Gmail" library="verifycode">
<arguments>
<arg>${emailUsername}</arg>
<arg>${emailPassword}</arg>
</arguments>
<status status="PASS" starttime="20170928 22:40:33.375" endtime="20170928 22:40:34.737"></status>
</kw>
<kw name="Click Button" library="Selenium2Library">
<doc>Clicks a button identified by `locator`.</doc>
<arguments>
<arg>${createAccount}</arg>
</arguments>
<msg timestamp="20170928 22:40:34.738" level="INFO">Clicking button 'name=websubmit'.</msg>
<status status="PASS" starttime="20170928 22:40:34.737" endtime="20170928 22:40:34.865"></status>
</kw>
<kw name="Get Security Code" library="verifycode">
<assign>
<var>${code}</var>
</assign>
<msg timestamp="20170928 22:40:48.651" level="INFO">699448</msg>
<msg timestamp="20170928 22:40:48.652" level="INFO">${code} = 699448</msg>
<status status="PASS" starttime="20170928 22:40:34.867" endtime="20170928 22:40:48.652"></status>
</kw>
<kw name="Input Text" library="Selenium2Library">
<doc>Types the given `text` into text field identified by `locator`.</doc>
<arguments>
<arg>${securityID}</arg>
<arg>${code}</arg>
</arguments>
<msg timestamp="20170928 22:40:48.653" level="INFO">Typing text '699448' into text field 'id=recovery_code_entry'</msg>
<status status="PASS" starttime="20170928 22:40:48.652" endtime="20170928 22:40:48.794"></status>
</kw>
<kw name="Click Button" library="Selenium2Library">
<doc>Clicks a button identified by `locator`.</doc>
<arguments>
<arg>${submit}</arg>
</arguments>
<msg timestamp="20170928 22:40:48.795" level="INFO">Clicking button 'name=reset_action'.</msg>
<status status="PASS" starttime="20170928 22:40:48.794" endtime="20170928 22:40:49.436"></status>
</kw>
<kw name="Sleep" library="BuiltIn">
<doc>Pauses the test executed for the given time.</doc>
<arguments>
<arg>10s</arg>
</arguments>
<msg timestamp="20170928 22:40:59.437" level="INFO">Slept 10 seconds</msg>
<status status="PASS" starttime="20170928 22:40:49.436" endtime="20170928 22:40:59.438"></status>
</kw>
<status status="PASS" starttime="20170928 22:40:33.374" endtime="20170928 22:40:59.438" critical="yes"></status>
</test>
<kw name="Close All Browsers" library="Selenium2Library" type="teardown">
<doc>Closes all open browsers and resets the browser cache.</doc>
<status status="PASS" starttime="20170928 22:40:59.441" endtime="20170928 22:41:00.545"></status>
</kw>
<status status="PASS" starttime="20170928 22:40:26.027" endtime="20170928 22:41:00.545"></status>
</suite>
<statistics>
<total>
<stat pass="2" fail="0">Critical Tests</stat>
<stat pass="2" fail="0">All Tests</stat>
</total>
<tag>
</tag>
<suite>
<stat pass="2" fail="0" id="s1" name="Facebook">Facebook</stat>
</suite>
</statistics>
<errors>
</errors>
</robot>
